#
# There is insufficient memory for the Java Runtime Environment to continue.
# Native memory allocation (malloc) failed to allocate 1038736 bytes for Chunk::new
# Possible reasons:
#   The system is out of physical RAM or swap space
#   The process is running with CompressedOops enabled, and the Java Heap may be blocking the growth of the native heap
# Possible solutions:
#   Reduce memory load on the system
#   Increase physical memory or swap space
#   Check if swap backing store is full
#   Decrease Java heap size (-Xmx/-Xms)
#   Decrease number of Java threads
#   Decrease Java thread stack sizes (-Xss)
#   Set larger code cache with -XX:ReservedCodeCacheSize=
#   JVM is running with Unscaled Compressed Oops mode in which the Java heap is
#     placed in the first 4GB address space. The Java Heap base address is the
#     maximum limit for the native heap growth. Please use -XX:HeapBaseMinAddress
#     to set the Java Heap base and to place the Java Heap above 4GB virtual address.
# This output file may be truncated or incomplete.
#
#  Out of Memory Error (./open/src/hotspot/share/memory/arena.cpp:197), pid=8596, tid=19084
#
# JRE version: Java(TM) SE Runtime Environment 18.9 (11.0.12+8) (build 11.0.12+8-LTS-237)
# Java VM: Java HotSpot(TM) 64-Bit Server VM 18.9 (11.0.12+8-LTS-237, mixed mode, tiered, compressed oops, g1 gc, windows-amd64)
# No core dump will be written. Minidumps are not enabled by default on client versions of Windows
#

---------------  S U M M A R Y ------------

Command Line: Reto_3_V02.Reto_3.Reto3Application

Host: Intel(R) Core(TM) i3-10110U CPU @ 2.10GHz, 4 cores, 3G,  Windows 10 , 64 bit Build 19041 (10.0.19041.1202)
Time: Mon Oct 25 21:41:38 2021 Hora est. Pacífico, Sudamérica elapsed time: 222.368103 seconds (0d 0h 3m 42s)

---------------  T H R E A D  ---------------

Current thread (0x0000025c5ac00000):  JavaThread "C2 CompilerThread0" daemon [_thread_in_native, id=19084, stack(0x000000a8b7900000,0x000000a8b7a00000)]


Current CompileTask:
C2: 222368 6014       4       org.springframework.boot.context.properties.source.SpringConfigurationPropertySources$SourcesIterator::fetchNext (138 bytes)

Stack: [0x000000a8b7900000,0x000000a8b7a00000]
Native frames: (J=compiled Java code, j=interpreted, Vv=VM code, C=native code)
V  [jvm.dll+0x617d9a]
V  [jvm.dll+0x74eeef]
V  [jvm.dll+0x750599]
V  [jvm.dll+0x750c23]
V  [jvm.dll+0x2438d8]
V  [jvm.dll+0xba6dc]
V  [jvm.dll+0xbac9c]
V  [jvm.dll+0x2b4564]
V  [jvm.dll+0x52cc86]
V  [jvm.dll+0x20515d]
V  [jvm.dll+0x1ff15a]
V  [jvm.dll+0x1fc1ca]
V  [jvm.dll+0x17f18c]
V  [jvm.dll+0x20b87c]
V  [jvm.dll+0x20997b]
V  [jvm.dll+0x716359]
V  [jvm.dll+0x70f064]
V  [jvm.dll+0x616f66]
C  [ucrtbase.dll+0x21bb2]
C  [KERNEL32.DLL+0x17034]
C  [ntdll.dll+0x52651]


---------------  P R O C E S S  ---------------

Threads class SMR info:
_java_thread_list=0x0000025c5fd72ac0, length=13, elements={
0x0000025c5abe1800, 0x0000025c5abeb800, 0x0000025c5ac58800, 0x0000025c5ac5b000,
0x0000025c5ac5c000, 0x0000025c5ac00000, 0x0000025c5ac04000, 0x0000025c5ac0e800,
0x0000025c5b5e4800, 0x0000025c5d03e000, 0x0000025c5bf59800, 0x0000025c5bf5a000,
0x0000025c5bf5c000
}

Java Threads: ( => current thread )
  0x0000025c5abe1800 JavaThread "Reference Handler" daemon [_thread_blocked, id=4560, stack(0x000000a8b7400000,0x000000a8b7500000)]
  0x0000025c5abeb800 JavaThread "Finalizer" daemon [_thread_blocked, id=8692, stack(0x000000a8b7500000,0x000000a8b7600000)]
  0x0000025c5ac58800 JavaThread "Signal Dispatcher" daemon [_thread_blocked, id=4416, stack(0x000000a8b7600000,0x000000a8b7700000)]
  0x0000025c5ac5b000 JavaThread "Attach Listener" daemon [_thread_blocked, id=19228, stack(0x000000a8b7700000,0x000000a8b7800000)]
  0x0000025c5ac5c000 JavaThread "Service Thread" daemon [_thread_blocked, id=8788, stack(0x000000a8b7800000,0x000000a8b7900000)]
=>0x0000025c5ac00000 JavaThread "C2 CompilerThread0" daemon [_thread_in_native, id=19084, stack(0x000000a8b7900000,0x000000a8b7a00000)]
  0x0000025c5ac04000 JavaThread "C1 CompilerThread0" daemon [_thread_blocked, id=9384, stack(0x000000a8b7a00000,0x000000a8b7b00000)]
  0x0000025c5ac0e800 JavaThread "Sweeper thread" daemon [_thread_blocked, id=18860, stack(0x000000a8b7b00000,0x000000a8b7c00000)]
  0x0000025c5b5e4800 JavaThread "Common-Cleaner" daemon [_thread_blocked, id=19168, stack(0x000000a8b7d00000,0x000000a8b7e00000)]
  0x0000025c5d03e000 JavaThread "Live Reload Server" daemon [_thread_in_native, id=3064, stack(0x000000a8b8900000,0x000000a8b8a00000)]
  0x0000025c5bf59800 JavaThread "DestroyJavaVM" [_thread_blocked, id=8084, stack(0x000000a8b6d00000,0x000000a8b6e00000)]
  0x0000025c5bf5a000 JavaThread "Thread-6" [_thread_blocked, id=7084, stack(0x000000a8b7f00000,0x000000a8b8000000)]
  0x0000025c5bf5c000 JavaThread "restartedMain" [_thread_in_vm, id=464, stack(0x000000a8b8400000,0x000000a8b8500000)]

Other Threads:
  0x0000025c5abbf000 VMThread "VM Thread" [stack: 0x000000a8b7300000,0x000000a8b7400000] [id=14964]
  0x0000025c5b5dc000 WatcherThread [stack: 0x000000a8b7c00000,0x000000a8b7d00000] [id=15016]
  0x0000025c3ee41000 GCTaskThread "GC Thread#0" [stack: 0x000000a8b6e00000,0x000000a8b6f00000] [id=8800]
  0x0000025c5be74000 GCTaskThread "GC Thread#1" [stack: 0x000000a8b7e00000,0x000000a8b7f00000] [id=4620]
  0x0000025c5be47800 GCTaskThread "GC Thread#2" [stack: 0x000000a8b8100000,0x000000a8b8200000] [id=7592]
  0x0000025c5be46000 GCTaskThread "GC Thread#3" [stack: 0x000000a8b8200000,0x000000a8b8300000] [id=17696]
  0x0000025c3ee59800 ConcurrentGCThread "G1 Main Marker" [stack: 0x000000a8b6f00000,0x000000a8b7000000] [id=3080]
  0x0000025c3ee5c000 ConcurrentGCThread "G1 Conc#0" [stack: 0x000000a8b7000000,0x000000a8b7100000] [id=21120]
  0x0000025c3eea3000 ConcurrentGCThread "G1 Refine#0" [stack: 0x000000a8b7100000,0x000000a8b7200000] [id=16292]
  0x0000025c3eea4000 ConcurrentGCThread "G1 Young RemSet Sampling" [stack: 0x000000a8b7200000,0x000000a8b7300000] [id=18580]

Threads with active compile tasks:
C2 CompilerThread0 222425 6014       4       org.springframework.boot.context.properties.source.SpringConfigurationPropertySources$SourcesIterator::fetchNext (138 bytes)

VM state:not at safepoint (normal execution)

VM Mutex/Monitor currently owned by a thread: None

Heap address: 0x00000000c2c00000, size: 980 MB, Compressed Oops mode: 32-bit
Narrow klass base: 0x0000000000000000, Narrow klass shift: 3
Compressed class space size: 1073741824 Address: 0x0000000100000000

Heap:
 garbage-first heap   total 88064K, used 56224K [0x00000000c2c00000, 0x0000000100000000)
  region size 1024K, 30 young (30720K), 0 survivors (0K)
 Metaspace       used 66006K, capacity 67940K, committed 68224K, reserved 1107968K
  class space    used 8260K, capacity 9023K, committed 9088K, reserved 1048576K
Heap Regions: E=young(eden), S=young(survivor), O=old, HS=humongous(starts), HC=humongous(continues), CS=collection set, F=free, A=archive, TAMS=top-at-mark-start (previous, next)
|   0|0x00000000c2c00000, 0x00000000c2d00000, 0x00000000c2d00000|100%|HS|  |TAMS 0x00000000c2c00000, 0x00000000c2c00000| Untracked 
|   1|0x00000000c2d00000, 0x00000000c2dfcf20, 0x00000000c2e00000| 98%| O|  |TAMS 0x00000000c2d00000, 0x00000000c2d00000| Untracked 
|   2|0x00000000c2e00000, 0x00000000c2f00000, 0x00000000c2f00000|100%| O|  |TAMS 0x00000000c2e00000, 0x00000000c2e00000| Untracked 
|   3|0x00000000c2f00000, 0x00000000c2ffffe8, 0x00000000c3000000| 99%| O|  |TAMS 0x00000000c2f00000, 0x00000000c2f00000| Untracked 
|   4|0x00000000c3000000, 0x00000000c30ecfa0, 0x00000000c3100000| 92%| O|  |TAMS 0x00000000c3000000, 0x00000000c3000000| Untracked 
|   5|0x00000000c3100000, 0x00000000c31fffc8, 0x00000000c3200000| 99%| O|  |TAMS 0x00000000c3100000, 0x00000000c3100000| Untracked 
|   6|0x00000000c3200000, 0x00000000c32fffe0, 0x00000000c3300000| 99%| O|  |TAMS 0x00000000c3200000, 0x00000000c3200000| Untracked 
|   7|0x00000000c3300000, 0x00000000c33fffc8, 0x00000000c3400000| 99%| O|  |TAMS 0x00000000c3300000, 0x00000000c3300000| Untracked 
|   8|0x00000000c3400000, 0x00000000c34fffe8, 0x00000000c3500000| 99%| O|  |TAMS 0x00000000c3400000, 0x00000000c3400000| Untracked 
|   9|0x00000000c3500000, 0x00000000c35fffe0, 0x00000000c3600000| 99%| O|  |TAMS 0x00000000c3500000, 0x00000000c3500000| Untracked 
|  10|0x00000000c3600000, 0x00000000c3700000, 0x00000000c3700000|100%| O|  |TAMS 0x00000000c3600000, 0x00000000c3600000| Untracked 
|  11|0x00000000c3700000, 0x00000000c37ffff0, 0x00000000c3800000| 99%| O|  |TAMS 0x00000000c3700000, 0x00000000c3700000| Untracked 
|  12|0x00000000c3800000, 0x00000000c38fffc8, 0x00000000c3900000| 99%| O|  |TAMS 0x00000000c3800000, 0x00000000c3800000| Untracked 
|  13|0x00000000c3900000, 0x00000000c39fffd0, 0x00000000c3a00000| 99%| O|  |TAMS 0x00000000c3900000, 0x00000000c3900000| Untracked 
|  14|0x00000000c3a00000, 0x00000000c3affff8, 0x00000000c3b00000| 99%| O|  |TAMS 0x00000000c3a00000, 0x00000000c3a00000| Untracked 
|  15|0x00000000c3b00000, 0x00000000c3bffff0, 0x00000000c3c00000| 99%| O|  |TAMS 0x00000000c3b00000, 0x00000000c3b00000| Untracked 
|  16|0x00000000c3c00000, 0x00000000c3cfffb8, 0x00000000c3d00000| 99%| O|  |TAMS 0x00000000c3c00000, 0x00000000c3c00000| Untracked 
|  17|0x00000000c3d00000, 0x00000000c3e00000, 0x00000000c3e00000|100%| O|  |TAMS 0x00000000c3d00000, 0x00000000c3d00000| Untracked 
|  18|0x00000000c3e00000, 0x00000000c3effff8, 0x00000000c3f00000| 99%| O|  |TAMS 0x00000000c3e00000, 0x00000000c3e00000| Untracked 
|  19|0x00000000c3f00000, 0x00000000c3ffffe8, 0x00000000c4000000| 99%| O|  |TAMS 0x00000000c3f00000, 0x00000000c3f00000| Untracked 
|  20|0x00000000c4000000, 0x00000000c4100000, 0x00000000c4100000|100%| O|  |TAMS 0x00000000c4000000, 0x00000000c4000000| Untracked 
|  21|0x00000000c4100000, 0x00000000c41ffff8, 0x00000000c4200000| 99%| O|  |TAMS 0x00000000c4100000, 0x00000000c4100000| Untracked 
|  22|0x00000000c4200000, 0x00000000c42fff18, 0x00000000c4300000| 99%| O|  |TAMS 0x00000000c4200000, 0x00000000c4200000| Untracked 
|  23|0x00000000c4300000, 0x00000000c43f55a0, 0x00000000c4400000| 95%| O|  |TAMS 0x00000000c4300000, 0x00000000c4300000| Untracked 
|  24|0x00000000c4400000, 0x00000000c44fffd0, 0x00000000c4500000| 99%| O|  |TAMS 0x00000000c4400000, 0x00000000c4400000| Untracked 
|  25|0x00000000c4500000, 0x00000000c4526fe0, 0x00000000c4600000| 15%| O|  |TAMS 0x00000000c4500000, 0x00000000c4500000| Untracked 
|  26|0x00000000c4600000, 0x00000000c4600000, 0x00000000c4700000|  0%| F|  |TAMS 0x00000000c4600000, 0x00000000c4600000| Untracked 
|  27|0x00000000c4700000, 0x00000000c4700000, 0x00000000c4800000|  0%| F|  |TAMS 0x00000000c4700000, 0x00000000c4700000| Untracked 
|  28|0x00000000c4800000, 0x00000000c4800000, 0x00000000c4900000|  0%| F|  |TAMS 0x00000000c4800000, 0x00000000c4800000| Untracked 
|  29|0x00000000c4900000, 0x00000000c4900000, 0x00000000c4a00000|  0%| F|  |TAMS 0x00000000c4900000, 0x00000000c4900000| Untracked 
|  30|0x00000000c4a00000, 0x00000000c4a00000, 0x00000000c4b00000|  0%| F|  |TAMS 0x00000000c4a00000, 0x00000000c4a00000| Untracked 
|  31|0x00000000c4b00000, 0x00000000c4b00000, 0x00000000c4c00000|  0%| F|  |TAMS 0x00000000c4b00000, 0x00000000c4b00000| Untracked 
|  32|0x00000000c4c00000, 0x00000000c4c00000, 0x00000000c4d00000|  0%| F|  |TAMS 0x00000000c4c00000, 0x00000000c4c00000| Untracked 
|  33|0x00000000c4d00000, 0x00000000c4d00000, 0x00000000c4e00000|  0%| F|  |TAMS 0x00000000c4d00000, 0x00000000c4d00000| Untracked 
|  34|0x00000000c4e00000, 0x00000000c4e00000, 0x00000000c4f00000|  0%| F|  |TAMS 0x00000000c4e00000, 0x00000000c4e00000| Untracked 
|  35|0x00000000c4f00000, 0x00000000c4f00000, 0x00000000c5000000|  0%| F|  |TAMS 0x00000000c4f00000, 0x00000000c4f00000| Untracked 
|  36|0x00000000c5000000, 0x00000000c5000000, 0x00000000c5100000|  0%| F|  |TAMS 0x00000000c5000000, 0x00000000c5000000| Untracked 
|  37|0x00000000c5100000, 0x00000000c5100000, 0x00000000c5200000|  0%| F|  |TAMS 0x00000000c5100000, 0x00000000c5100000| Untracked 
|  38|0x00000000c5200000, 0x00000000c52e22a8, 0x00000000c5300000| 88%| O|  |TAMS 0x00000000c5200000, 0x00000000c5200000| Untracked 
|  39|0x00000000c5300000, 0x00000000c5300000, 0x00000000c5400000|  0%| F|  |TAMS 0x00000000c5300000, 0x00000000c5300000| Untracked 
|  40|0x00000000c5400000, 0x00000000c5400000, 0x00000000c5500000|  0%| F|  |TAMS 0x00000000c5400000, 0x00000000c5400000| Untracked 
|  41|0x00000000c5500000, 0x00000000c5500000, 0x00000000c5600000|  0%| F|  |TAMS 0x00000000c5500000, 0x00000000c5500000| Untracked 
|  42|0x00000000c5600000, 0x00000000c5600000, 0x00000000c5700000|  0%| F|  |TAMS 0x00000000c5600000, 0x00000000c5600000| Untracked 
|  43|0x00000000c5700000, 0x00000000c5700000, 0x00000000c5800000|  0%| F|  |TAMS 0x00000000c5700000, 0x00000000c5700000| Untracked 
|  44|0x00000000c5800000, 0x00000000c5800000, 0x00000000c5900000|  0%| F|  |TAMS 0x00000000c5800000, 0x00000000c5800000| Untracked 
|  45|0x00000000c5900000, 0x00000000c5900000, 0x00000000c5a00000|  0%| F|  |TAMS 0x00000000c5900000, 0x00000000c5900000| Untracked 
|  46|0x00000000c5a00000, 0x00000000c5a00000, 0x00000000c5b00000|  0%| F|  |TAMS 0x00000000c5a00000, 0x00000000c5a00000| Untracked 
|  47|0x00000000c5b00000, 0x00000000c5b00000, 0x00000000c5c00000|  0%| F|  |TAMS 0x00000000c5b00000, 0x00000000c5b00000| Untracked 
|  48|0x00000000c5c00000, 0x00000000c5c00000, 0x00000000c5d00000|  0%| F|  |TAMS 0x00000000c5c00000, 0x00000000c5c00000| Untracked 
|  49|0x00000000c5d00000, 0x00000000c5d00000, 0x00000000c5e00000|  0%| F|  |TAMS 0x00000000c5d00000, 0x00000000c5d00000| Untracked 
|  50|0x00000000c5e00000, 0x00000000c5e00000, 0x00000000c5f00000|  0%| F|  |TAMS 0x00000000c5e00000, 0x00000000c5e00000| Untracked 
|  51|0x00000000c5f00000, 0x00000000c5f00000, 0x00000000c6000000|  0%| F|  |TAMS 0x00000000c5f00000, 0x00000000c5f00000| Untracked 
|  52|0x00000000c6000000, 0x00000000c6000000, 0x00000000c6100000|  0%| F|  |TAMS 0x00000000c6000000, 0x00000000c6000000| Untracked 
|  53|0x00000000c6100000, 0x00000000c6100000, 0x00000000c6200000|  0%| F|  |TAMS 0x00000000c6100000, 0x00000000c6100000| Untracked 
|  54|0x00000000c6200000, 0x00000000c6200000, 0x00000000c6300000|  0%| F|  |TAMS 0x00000000c6200000, 0x00000000c6200000| Untracked 
|  55|0x00000000c6300000, 0x00000000c6300000, 0x00000000c6400000|  0%| F|  |TAMS 0x00000000c6300000, 0x00000000c6300000| Untracked 
|  56|0x00000000c6400000, 0x00000000c649c240, 0x00000000c6500000| 60%| E|  |TAMS 0x00000000c6400000, 0x00000000c6400000| Complete 
|  57|0x00000000c6500000, 0x00000000c6600000, 0x00000000c6600000|100%| E|CS|TAMS 0x00000000c6500000, 0x00000000c6500000| Complete 
|  58|0x00000000c6600000, 0x00000000c6700000, 0x00000000c6700000|100%| E|CS|TAMS 0x00000000c6600000, 0x00000000c6600000| Complete 
|  59|0x00000000c6700000, 0x00000000c6800000, 0x00000000c6800000|100%| E|CS|TAMS 0x00000000c6700000, 0x00000000c6700000| Complete 
|  60|0x00000000c6800000, 0x00000000c6900000, 0x00000000c6900000|100%| E|CS|TAMS 0x00000000c6800000, 0x00000000c6800000| Complete 
|  61|0x00000000c6900000, 0x00000000c6a00000, 0x00000000c6a00000|100%| E|CS|TAMS 0x00000000c6900000, 0x00000000c6900000| Complete 
|  62|0x00000000c6a00000, 0x00000000c6b00000, 0x00000000c6b00000|100%| E|CS|TAMS 0x00000000c6a00000, 0x00000000c6a00000| Complete 
|  63|0x00000000c6b00000, 0x00000000c6c00000, 0x00000000c6c00000|100%| E|CS|TAMS 0x00000000c6b00000, 0x00000000c6b00000| Complete 
|  64|0x00000000c6c00000, 0x00000000c6d00000, 0x00000000c6d00000|100%| E|CS|TAMS 0x00000000c6c00000, 0x00000000c6c00000| Complete 
|  65|0x00000000c6d00000, 0x00000000c6e00000, 0x00000000c6e00000|100%| E|CS|TAMS 0x00000000c6d00000, 0x00000000c6d00000| Complete 
|  66|0x00000000c6e00000, 0x00000000c6f00000, 0x00000000c6f00000|100%| E|CS|TAMS 0x00000000c6e00000, 0x00000000c6e00000| Complete 
|  67|0x00000000c6f00000, 0x00000000c7000000, 0x00000000c7000000|100%| E|CS|TAMS 0x00000000c6f00000, 0x00000000c6f00000| Complete 
|  68|0x00000000c7000000, 0x00000000c7100000, 0x00000000c7100000|100%| E|CS|TAMS 0x00000000c7000000, 0x00000000c7000000| Complete 
|  69|0x00000000c7100000, 0x00000000c7200000, 0x00000000c7200000|100%| E|CS|TAMS 0x00000000c7100000, 0x00000000c7100000| Complete 
|  70|0x00000000c7200000, 0x00000000c7300000, 0x00000000c7300000|100%| E|CS|TAMS 0x00000000c7200000, 0x00000000c7200000| Complete 
|  71|0x00000000c7300000, 0x00000000c7400000, 0x00000000c7400000|100%| E|CS|TAMS 0x00000000c7300000, 0x00000000c7300000| Complete 
|  72|0x00000000c7400000, 0x00000000c7500000, 0x00000000c7500000|100%| E|CS|TAMS 0x00000000c7400000, 0x00000000c7400000| Complete 
|  73|0x00000000c7500000, 0x00000000c7600000, 0x00000000c7600000|100%| E|CS|TAMS 0x00000000c7500000, 0x00000000c7500000| Complete 
|  74|0x00000000c7600000, 0x00000000c7700000, 0x00000000c7700000|100%| E|CS|TAMS 0x00000000c7600000, 0x00000000c7600000| Complete 
|  75|0x00000000c7700000, 0x00000000c7800000, 0x00000000c7800000|100%| E|CS|TAMS 0x00000000c7700000, 0x00000000c7700000| Complete 
|  76|0x00000000c7800000, 0x00000000c7900000, 0x00000000c7900000|100%| E|CS|TAMS 0x00000000c7800000, 0x00000000c7800000| Complete 
|  77|0x00000000c7900000, 0x00000000c7a00000, 0x00000000c7a00000|100%| E|CS|TAMS 0x00000000c7900000, 0x00000000c7900000| Complete 
|  78|0x00000000c7a00000, 0x00000000c7b00000, 0x00000000c7b00000|100%| E|CS|TAMS 0x00000000c7a00000, 0x00000000c7a00000| Complete 
|  79|0x00000000c7b00000, 0x00000000c7c00000, 0x00000000c7c00000|100%| E|CS|TAMS 0x00000000c7b00000, 0x00000000c7b00000| Complete 
|  80|0x00000000c7c00000, 0x00000000c7d00000, 0x00000000c7d00000|100%| E|CS|TAMS 0x00000000c7c00000, 0x00000000c7c00000| Complete 
|  81|0x00000000c7d00000, 0x00000000c7e00000, 0x00000000c7e00000|100%| E|CS|TAMS 0x00000000c7d00000, 0x00000000c7d00000| Complete 
|  82|0x00000000c7e00000, 0x00000000c7f00000, 0x00000000c7f00000|100%| E|CS|TAMS 0x00000000c7e00000, 0x00000000c7e00000| Complete 
|  83|0x00000000c7f00000, 0x00000000c8000000, 0x00000000c8000000|100%| E|CS|TAMS 0x00000000c7f00000, 0x00000000c7f00000| Complete 
|  84|0x00000000c8000000, 0x00000000c8100000, 0x00000000c8100000|100%| E|CS|TAMS 0x00000000c8000000, 0x00000000c8000000| Complete 
|  85|0x00000000c8100000, 0x00000000c8200000, 0x00000000c8200000|100%| E|CS|TAMS 0x00000000c8100000, 0x00000000c8100000| Complete 

Card table byte_map: [0x0000025c564b0000,0x0000025c566a0000] _byte_map_base: 0x0000025c55e9a000

Marking Bits (Prev, Next): (CMBitMap*) 0x0000025c3ee55160, (CMBitMap*) 0x0000025c3ee55128
 Prev Bits: [0x0000025c577e0000, 0x0000025c58730000)
 Next Bits: [0x0000025c56890000, 0x0000025c577e0000)

Polling page: 0x0000025c3cb20000

Metaspace:

Usage:
  Non-class:     57.54 MB capacity,    56.39 MB ( 98%) used,   939.83 KB (  2%) free+waste,   231.56 KB ( <1%) overhead. 
      Class:      8.81 MB capacity,     8.07 MB ( 92%) used,   653.59 KB (  7%) free+waste,   108.50 KB (  1%) overhead. 
       Both:     66.35 MB capacity,    64.46 MB ( 97%) used,     1.56 MB (  2%) free+waste,   340.06 KB ( <1%) overhead. 

Virtual space:
  Non-class space:       58.00 MB reserved,      57.75 MB (>99%) committed 
      Class space:        1.00 GB reserved,       8.88 MB ( <1%) committed 
             Both:        1.06 GB reserved,      66.63 MB (  6%) committed 

Chunk freelists:
   Non-Class:  3.38 KB
       Class:  4.13 KB
        Both:  7.50 KB

CodeHeap 'non-profiled nmethods': size=120064Kb used=3409Kb max_used=3409Kb free=116654Kb
 bounds [0x0000025c4ed80000, 0x0000025c4f0e0000, 0x0000025c562c0000]
CodeHeap 'profiled nmethods': size=120000Kb used=13076Kb max_used=13076Kb free=106923Kb
 bounds [0x0000025c47850000, 0x0000025c48520000, 0x0000025c4ed80000]
CodeHeap 'non-nmethods': size=5696Kb used=1221Kb max_used=1269Kb free=4474Kb
 bounds [0x0000025c472c0000, 0x0000025c47530000, 0x0000025c47850000]
 total_blobs=6604 nmethods=6010 adapters=505
 compilation: enabled
              stopped_count=0, restarted_count=0
 full_count=0

Compilation events (10 events):
Event: 222.331 Thread 0x0000025c5ac04000 6106       2       java.util.Calendar::getBaseStyle (5 bytes)
Event: 222.331 Thread 0x0000025c5ac04000 nmethod 6106 0x0000025c48510290 code [0x0000025c48510420, 0x0000025c48510518]
Event: 222.334 Thread 0x0000025c5ac04000 6107       2       org.springframework.util.AntPathMatcher::doMatch (619 bytes)
Event: 222.337 Thread 0x0000025c5ac04000 nmethod 6107 0x0000025c48510590 code [0x0000025c485108e0, 0x0000025c48511a18]
Event: 222.337 Thread 0x0000025c5ac04000 6108       2       java.util.Collections::unmodifiableCollection (9 bytes)
Event: 222.337 Thread 0x0000025c5ac04000 nmethod 6108 0x0000025c48512790 code [0x0000025c48512940, 0x0000025c48512b88]
Event: 222.338 Thread 0x0000025c5ac04000 6109       2       org.springframework.core.type.AnnotationMetadata::hasAnnotation (13 bytes)
Event: 222.338 Thread 0x0000025c5ac04000 nmethod 6109 0x0000025c48512c90 code [0x0000025c48512e40, 0x0000025c48512f98]
Event: 222.338 Thread 0x0000025c5ac04000 6110       2       org.springframework.core.type.filter.AnnotationTypeFilter::matchSelf (52 bytes)
Event: 222.338 Thread 0x0000025c5ac04000 nmethod 6110 0x0000025c48513090 code [0x0000025c48513260, 0x0000025c48513498]

GC Heap History (10 events):
Event: 15.573 GC heap before
{Heap before GC invocations=17 (full 0):
 garbage-first heap   total 88064K, used 49355K [0x00000000c2c00000, 0x0000000100000000)
  region size 1024K, 35 young (35840K), 6 survivors (6144K)
 Metaspace       used 58737K, capacity 60059K, committed 60160K, reserved 1101824K
  class space    used 7281K, capacity 7808K, committed 7808K, reserved 1048576K
}
Event: 15.583 GC heap after
{Heap after GC invocations=18 (full 0):
 garbage-first heap   total 88064K, used 22587K [0x00000000c2c00000, 0x0000000100000000)
  region size 1024K, 4 young (4096K), 4 survivors (4096K)
 Metaspace       used 58737K, capacity 60059K, committed 60160K, reserved 1101824K
  class space    used 7281K, capacity 7808K, committed 7808K, reserved 1048576K
}
Event: 16.949 GC heap before
{Heap before GC invocations=19 (full 0):
 garbage-first heap   total 88064K, used 69691K [0x00000000c2c00000, 0x0000000100000000)
  region size 1024K, 50 young (51200K), 4 survivors (4096K)
 Metaspace       used 61174K, capacity 62782K, committed 62848K, reserved 1103872K
  class space    used 7669K, capacity 8299K, committed 8320K, reserved 1048576K
}
Event: 16.962 GC heap after
{Heap after GC invocations=20 (full 0):
 garbage-first heap   total 88064K, used 26624K [0x00000000c2c00000, 0x0000000100000000)
  region size 1024K, 7 young (7168K), 7 survivors (7168K)
 Metaspace       used 61174K, capacity 62782K, committed 62848K, reserved 1103872K
  class space    used 7669K, capacity 8299K, committed 8320K, reserved 1048576K
}
Event: 17.868 GC heap before
{Heap before GC invocations=20 (full 0):
 garbage-first heap   total 88064K, used 70656K [0x00000000c2c00000, 0x0000000100000000)
  region size 1024K, 50 young (51200K), 7 survivors (7168K)
 Metaspace       used 63684K, capacity 65470K, committed 65536K, reserved 1105920K
  class space    used 7991K, capacity 8672K, committed 8704K, reserved 1048576K
}
Event: 17.895 GC heap after
{Heap after GC invocations=21 (full 0):
 garbage-first heap   total 88064K, used 29696K [0x00000000c2c00000, 0x0000000100000000)
  region size 1024K, 3 young (3072K), 3 survivors (3072K)
 Metaspace       used 63684K, capacity 65470K, committed 65536K, reserved 1105920K
  class space    used 7991K, capacity 8672K, committed 8704K, reserved 1048576K
}
Event: 197.309 GC heap before
{Heap before GC invocations=21 (full 0):
 garbage-first heap   total 88064K, used 70656K [0x00000000c2c00000, 0x0000000100000000)
  region size 1024K, 43 young (44032K), 3 survivors (3072K)
 Metaspace       used 65402K, capacity 67196K, committed 67328K, reserved 1107968K
  class space    used 8202K, capacity 8901K, committed 8960K, reserved 1048576K
}
Event: 197.469 GC heap after
{Heap after GC invocations=22 (full 0):
 garbage-first heap   total 88064K, used 32768K [0x00000000c2c00000, 0x0000000100000000)
  region size 1024K, 6 young (6144K), 6 survivors (6144K)
 Metaspace       used 65402K, capacity 67196K, committed 67328K, reserved 1107968K
  class space    used 8202K, capacity 8901K, committed 8960K, reserved 1048576K
}
Event: 220.003 GC heap before
{Heap before GC invocations=22 (full 0):
 garbage-first heap   total 88064K, used 35840K [0x00000000c2c00000, 0x0000000100000000)
  region size 1024K, 10 young (10240K), 6 survivors (6144K)
 Metaspace       used 65774K, capacity 67640K, committed 67968K, reserved 1107968K
  class space    used 8244K, capacity 8985K, committed 9088K, reserved 1048576K
}
Event: 220.457 GC heap after
{Heap after GC invocations=23 (full 1):
 garbage-first heap   total 88064K, used 26528K [0x00000000c2c00000, 0x0000000100000000)
  region size 1024K, 0 young (0K), 0 survivors (0K)
 Metaspace       used 65755K, capacity 67610K, committed 67968K, reserved 1107968K
  class space    used 8242K, capacity 8980K, committed 9088K, reserved 1048576K
}

Deoptimization events (10 events):
Event: 132.097 Thread 0x0000025c5fe65800 Uncommon trap: reason=unstable_if action=reinterpret pc=0x0000025c4f094084 method=java.util.concurrent.locks.ReentrantLock$Sync.nonfairTryAcquire(I)Z @ 19 c2
Event: 192.099 Thread 0x0000025c6047b800 Uncommon trap: reason=unstable_if action=reinterpret pc=0x0000025c4f093c84 method=java.util.concurrent.locks.ReentrantLock$Sync.nonfairTryAcquire(I)Z @ 19 c2
Event: 218.825 Thread 0x0000025c5d03c800 Uncommon trap: reason=unstable_if action=reinterpret pc=0x0000025c4f09a6b0 method=org.springframework.boot.devtools.filewatch.FileSnapshot.equals(Ljava/lang/Object;)Z @ 93 c2
Event: 219.365 Thread 0x0000025c5bf5a000 Uncommon trap: reason=unstable_if action=reinterpret pc=0x0000025c4ee81270 method=sun.net.www.ParseUtil.encodePath(Ljava/lang/String;Z)Ljava/lang/String; @ 1 c2
Event: 219.367 Thread 0x0000025c5bf5a000 Uncommon trap: reason=unstable_if action=reinterpret pc=0x0000025c4ef360c4 method=java.net.URI.match(CJJ)Z @ 19 c2
Event: 219.367 Thread 0x0000025c5bf5a000 Uncommon trap: reason=unstable_if action=reinterpret pc=0x0000025c4edc70e8 method=java.net.URI.match(CJJ)Z @ 19 c2
Event: 219.962 Thread 0x0000025c5bf5a000 Uncommon trap: reason=unstable_if action=reinterpret pc=0x0000025c4f0933d0 method=java.util.concurrent.locks.ReentrantLock$Sync.tryRelease(I)Z @ 28 c2
Event: 220.465 Thread 0x0000025c5bf5c000 Uncommon trap: reason=bimorphic_or_optimized_type_check action=maybe_recompile pc=0x0000025c4f0a37d8 method=java.util.HashMap.removeNode(ILjava/lang/Object;Ljava/lang/Object;ZZ)Ljava/util/HashMap$Node; @ 283 c2
Event: 220.473 Thread 0x0000025c5bf5c000 Uncommon trap: reason=null_check action=make_not_entrant pc=0x0000025c4eff8b48 method=java.lang.ClassLoader.checkCerts(Ljava/lang/String;Ljava/security/CodeSource;)V @ 64 c2
Event: 220.874 Thread 0x0000025c5bf5c000 Uncommon trap: reason=class_check action=make_not_entrant pc=0x0000025c4f0b6f40 method=java.util.ArrayList.toArray([Ljava/lang/Object;)[Ljava/lang/Object; @ 21 c2

Classes redefined (0 events):
No events

Internal exceptions (10 events):
Event: 18.864 Thread 0x0000025c5c27a800 Exception <a 'java/lang/ClassNotFoundException'{0x00000000c62220b8}: org/springframework/core/OrderedCustomizer> (0x00000000c62220b8) thrown at [./open/src/hotspot/share/classfile/systemDictionary.cpp, line 228]
Event: 18.866 Thread 0x0000025c5c27a800 Exception <a 'java/lang/ClassNotFoundException'{0x00000000c622e900}: java/lang/ObjectCustomizer> (0x00000000c622e900) thrown at [./open/src/hotspot/share/classfile/systemDictionary.cpp, line 228]
Event: 18.867 Thread 0x0000025c5c27a800 Exception <a 'java/lang/ClassNotFoundException'{0x00000000c62427f0}: org/springframework/boot/devtools/autoconfigure/LocalDevToolsAutoConfigurationCustomizer> (0x00000000c62427f0) thrown at [./open/src/hotspot/share/classfile/systemDictionary.cpp, line 22
Event: 18.884 Thread 0x0000025c5c27a800 Exception <a 'java/lang/NoSuchMethodError'{0x00000000c62cf240}: java.lang.invoke.DirectMethodHandle$Holder.invokeSpecial(Ljava/lang/Object;Ljava/lang/Object;ILjava/lang/Object;ILjava/lang/Object;)Ljava/lang/Object;> (0x00000000c62cf240) thrown at [./open/
Event: 18.885 Thread 0x0000025c5c27a800 Exception <a 'java/lang/NoSuchMethodError'{0x00000000c62d69c8}: java.lang.invoke.DirectMethodHandle$Holder.invokeStatic(Ljava/lang/Object;Ljava/lang/Object;ILjava/lang/Object;I)Ljava/lang/Object;> (0x00000000c62d69c8) thrown at [./open/src/hotspot/share/i
Event: 18.885 Thread 0x0000025c5c27a800 Exception <a 'java/lang/NoSuchMethodError'{0x00000000c62da1a0}: java.lang.invoke.DirectMethodHandle$Holder.invokeSpecial(Ljava/lang/Object;Ljava/lang/Object;Ljava/lang/Object;ILjava/lang/Object;I)Ljava/lang/Object;> (0x00000000c62da1a0) thrown at [./open/
Event: 18.889 Thread 0x0000025c5c27a800 Exception <a 'java/lang/NoSuchMethodError'{0x00000000c62e5568}: java.lang.invoke.DirectMethodHandle$Holder.invokeVirtual(Ljava/lang/Object;Ljava/lang/Object;)V> (0x00000000c62e5568) thrown at [./open/src/hotspot/share/interpreter/linkResolver.cpp, line 77
Event: 219.486 Thread 0x0000025c5ecf7800 Exception <a 'java/lang/InterruptedException'{0x00000000c7f00040}: sleep interrupted> (0x00000000c7f00040) thrown at [./open/src/hotspot/share/prims/jvm.cpp, line 3124]
Event: 220.472 Thread 0x0000025c5bf5c000 Implicit null exception at 0x0000025c4eff651f to 0x0000025c4eff8afc
Event: 220.503 Thread 0x0000025c5bf5c000 Exception <a 'java/io/FileNotFoundException'{0x00000000c8023658}> (0x00000000c8023658) thrown at [./open/src/hotspot/share/prims/jni.cpp, line 611]

Events (10 events):
Event: 222.293 loading class io/r2dbc/spi/ConnectionFactory
Event: 222.293 loading class io/r2dbc/spi/ConnectionFactory done
Event: 222.354 loading class org/springframework/instrument/InstrumentationSavingAgent
Event: 222.354 loading class org/springframework/instrument/InstrumentationSavingAgent done
Event: 222.355 loading class org/springframework/instrument$InstrumentationSavingAgent
Event: 222.355 loading class org/springframework/instrument$InstrumentationSavingAgent done
Event: 222.356 loading class org/eclipse/persistence/internal/jpa/deployment/JavaSECMPInitializerAgent
Event: 222.356 loading class org/eclipse/persistence/internal/jpa/deployment/JavaSECMPInitializerAgent done
Event: 222.356 loading class org/eclipse/persistence/internal/jpa/deployment$JavaSECMPInitializerAgent
Event: 222.356 loading class org/eclipse/persistence/internal/jpa/deployment$JavaSECMPInitializerAgent done


Dynamic libraries:
0x00007ff641f90000 - 0x00007ff641f9f000 	C:\Program Files\Java\jdk-11.0.12\bin\java.exe
0x00007ffa35390000 - 0x00007ffa35585000 	C:\windows\SYSTEM32\ntdll.dll
0x00007ffa350a0000 - 0x00007ffa3515e000 	C:\windows\System32\KERNEL32.DLL
0x00007ffa32c10000 - 0x00007ffa32ed9000 	C:\windows\System32\KERNELBASE.dll
0x00007ffa332e0000 - 0x00007ffa333e0000 	C:\windows\System32\ucrtbase.dll
0x00007ffa0db70000 - 0x00007ffa0db88000 	C:\Program Files\Java\jdk-11.0.12\bin\jli.dll
0x00007ffa33f90000 - 0x00007ffa3403c000 	C:\windows\System32\ADVAPI32.dll
0x00007ffa351d0000 - 0x00007ffa3526e000 	C:\windows\System32\msvcrt.dll
0x00007ffa35000000 - 0x00007ffa3509b000 	C:\windows\System32\sechost.dll
0x00007ffa33a00000 - 0x00007ffa33b2a000 	C:\windows\System32\RPCRT4.dll
0x00007ffa34e50000 - 0x00007ffa34ff1000 	C:\windows\System32\USER32.dll
0x00007ffa32f10000 - 0x00007ffa32f32000 	C:\windows\System32\win32u.dll
0x00007ffa34e10000 - 0x00007ffa34e3b000 	C:\windows\System32\GDI32.dll
0x00007ffa331d0000 - 0x00007ffa332db000 	C:\windows\System32\gdi32full.dll
0x00007ffa32ff0000 - 0x00007ffa3308d000 	C:\windows\System32\msvcp_win.dll
0x00007ffa1a550000 - 0x00007ffa1a565000 	C:\Program Files\Java\jdk-11.0.12\bin\VCRUNTIME140.dll
0x00007ffa1ac90000 - 0x00007ffa1af2a000 	C:\windows\WinSxS\amd64_microsoft.windows.common-controls_6595b64144ccf1df_6.0.19041.1110_none_60b5254171f9507e\COMCTL32.dll
0x00007ffa2b510000 - 0x00007ffa2b51a000 	C:\windows\SYSTEM32\VERSION.dll
0x00007ffa35270000 - 0x00007ffa352a0000 	C:\windows\System32\IMM32.DLL
0x00007ff9faa30000 - 0x00007ff9fab66000 	C:\Program Files (x86)\Citrix\ICA Client\epclient64.dll
0x00007ffa32ee0000 - 0x00007ffa32f07000 	C:\windows\System32\bcrypt.dll
0x00007ffa317a0000 - 0x00007ffa317d3000 	C:\windows\SYSTEM32\ntmarta.dll
0x00007ffa03af0000 - 0x00007ffa03b8b000 	C:\Program Files\Java\jdk-11.0.12\bin\msvcp140.dll
0x00007ff9f5980000 - 0x00007ff9f647f000 	C:\Program Files\Java\jdk-11.0.12\bin\server\jvm.dll
0x00007ffa34e40000 - 0x00007ffa34e48000 	C:\windows\System32\PSAPI.DLL
0x00007ffa2dee0000 - 0x00007ffa2dee9000 	C:\windows\SYSTEM32\WSOCK32.dll
0x0000025c3e570000 - 0x0000025c3e5db000 	C:\windows\System32\WS2_32.dll
0x00007ffa19280000 - 0x00007ffa192a7000 	C:\windows\SYSTEM32\WINMM.dll
0x00007ffa31330000 - 0x00007ffa31342000 	C:\windows\SYSTEM32\kernel.appcore.dll
0x00007ffa2dea0000 - 0x00007ffa2deb0000 	C:\Program Files\Java\jdk-11.0.12\bin\verify.dll
0x00007ffa308a0000 - 0x00007ffa30a84000 	C:\windows\SYSTEM32\DBGHELP.DLL
0x00007ffa1d090000 - 0x00007ffa1d0bc000 	C:\windows\SYSTEM32\dbgcore.DLL
0x00007ffa33090000 - 0x00007ffa33113000 	C:\windows\System32\bcryptPrimitives.dll
0x00007ffa18af0000 - 0x00007ffa18b18000 	C:\Program Files\Java\jdk-11.0.12\bin\java.dll
0x00007ffa2cb10000 - 0x00007ffa2cb1a000 	C:\Program Files\Java\jdk-11.0.12\bin\jimage.dll
0x00007ffa1a160000 - 0x00007ffa1a176000 	C:\Program Files\Java\jdk-11.0.12\bin\zip.dll
0x00007ffa346d0000 - 0x00007ffa34e0f000 	C:\windows\System32\SHELL32.dll
0x00007ffa30a90000 - 0x00007ffa31220000 	C:\windows\SYSTEM32\windows.storage.dll
0x00007ffa33460000 - 0x00007ffa337b5000 	C:\windows\System32\combase.dll
0x00007ffa32430000 - 0x00007ffa3245c000 	C:\windows\SYSTEM32\Wldp.dll
0x00007ffa33c60000 - 0x00007ffa33d0d000 	C:\windows\System32\SHCORE.dll
0x00007ffa341d0000 - 0x00007ffa34225000 	C:\windows\System32\shlwapi.dll
0x00007ffa329f0000 - 0x00007ffa32a0f000 	C:\windows\SYSTEM32\profapi.dll
0x00007ffa17230000 - 0x00007ffa17249000 	C:\Program Files\Java\jdk-11.0.12\bin\net.dll
0x00007ffa1f200000 - 0x00007ffa1f308000 	C:\windows\SYSTEM32\WINHTTP.dll
0x00007ffa32190000 - 0x00007ffa321fa000 	C:\windows\system32\mswsock.dll
0x00007ffa0fa20000 - 0x00007ffa0fa32000 	C:\Program Files\Java\jdk-11.0.12\bin\nio.dll
0x00007ffa2df30000 - 0x00007ffa2df39000 	C:\Program Files\Java\jdk-11.0.12\bin\management.dll
0x00007ffa2b6b0000 - 0x00007ffa2b6bb000 	C:\Program Files\Java\jdk-11.0.12\bin\management_ext.dll
0x00007ffa0fd70000 - 0x00007ffa0fd87000 	C:\windows\system32\napinsp.dll
0x00007ffa0d650000 - 0x00007ffa0d66b000 	C:\windows\system32\pnrpnsp.dll
0x00007ffa2d3f0000 - 0x00007ffa2d405000 	C:\windows\system32\wshbth.dll
0x00007ffa2ddb0000 - 0x00007ffa2ddcd000 	C:\windows\system32\NLAapi.dll
0x00007ffa31e80000 - 0x00007ffa31ebb000 	C:\windows\SYSTEM32\IPHLPAPI.DLL
0x00007ffa31ec0000 - 0x00007ffa31f8c000 	C:\windows\SYSTEM32\DNSAPI.dll
0x00007ffa33df0000 - 0x00007ffa33df8000 	C:\windows\System32\NSI.dll
0x00007ffa0d630000 - 0x00007ffa0d642000 	C:\windows\System32\winrnr.dll
0x00007ffa18970000 - 0x00007ffa1897a000 	C:\Windows\System32\rasadhlp.dll
0x00007ffa19520000 - 0x00007ffa1959f000 	C:\windows\System32\fwpuclnt.dll
0x00007ffa32380000 - 0x00007ffa32398000 	C:\windows\SYSTEM32\CRYPTSP.dll
0x00007ffa31b10000 - 0x00007ffa31b44000 	C:\windows\system32\rsaenh.dll
0x00007ffa32970000 - 0x00007ffa3299e000 	C:\windows\SYSTEM32\USERENV.dll
0x00007ffa323a0000 - 0x00007ffa323ac000 	C:\windows\SYSTEM32\CRYPTBASE.dll
0x00007ffa27d30000 - 0x00007ffa27d47000 	C:\windows\SYSTEM32\dhcpcsvc6.DLL
0x00007ffa29540000 - 0x00007ffa2955d000 	C:\windows\SYSTEM32\dhcpcsvc.DLL

dbghelp: loaded successfully - version: 4.0.5 - missing functions: none
symbol engine: initialized successfully - sym options: 0x614 - pdb path: .;C:\Program Files\Java\jdk-11.0.12\bin;C:\windows\SYSTEM32;C:\windows\WinSxS\amd64_microsoft.windows.common-controls_6595b64144ccf1df_6.0.19041.1110_none_60b5254171f9507e;C:\Program Files (x86)\Citrix\ICA Client;C:\Program Files\Java\jdk-11.0.12\bin\server

VM Arguments:
java_command: Reto_3_V02.Reto_3.Reto3Application
java_class_path (initial): C:\Users\sulya\Desktop\cd\Reto_3\target\classes;C:\Users\sulya\.m2\repository\org\springframework\boot\spring-boot-starter-data-jpa\2.5.5\spring-boot-starter-data-jpa-2.5.5.jar;C:\Users\sulya\.m2\repository\org\springframework\boot\spring-boot-starter-aop\2.5.5\spring-boot-starter-aop-2.5.5.jar;C:\Users\sulya\.m2\repository\org\springframework\spring-aop\5.3.10\spring-aop-5.3.10.jar;C:\Users\sulya\.m2\repository\org\aspectj\aspectjweaver\1.9.7\aspectjweaver-1.9.7.jar;C:\Users\sulya\.m2\repository\org\springframework\boot\spring-boot-starter-jdbc\2.5.5\spring-boot-starter-jdbc-2.5.5.jar;C:\Users\sulya\.m2\repository\com\zaxxer\HikariCP\4.0.3\HikariCP-4.0.3.jar;C:\Users\sulya\.m2\repository\org\springframework\spring-jdbc\5.3.10\spring-jdbc-5.3.10.jar;C:\Users\sulya\.m2\repository\jakarta\transaction\jakarta.transaction-api\1.3.3\jakarta.transaction-api-1.3.3.jar;C:\Users\sulya\.m2\repository\jakarta\persistence\jakarta.persistence-api\2.2.3\jakarta.persistence-api-2.2.3.jar;C:\Users\sulya\.m2\repository\org\hibernate\hibernate-core\5.4.32.Final\hibernate-core-5.4.32.Final.jar;C:\Users\sulya\.m2\repository\org\jboss\logging\jboss-logging\3.4.2.Final\jboss-logging-3.4.2.Final.jar;C:\Users\sulya\.m2\repository\org\javassist\javassist\3.27.0-GA\javassist-3.27.0-GA.jar;C:\Users\sulya\.m2\repository\net\bytebuddy\byte-buddy\1.10.22\byte-buddy-1.10.22.jar;C:\Users\sulya\.m2\repository\antlr\antlr\2.7.7\antlr-2.7.7.jar;C:\Users\sulya\.m2\repository\org\jboss\jandex\2.2.3.Final\jandex-2.2.3.Final.jar;C:\Users\sulya\.m2\repository\com\fasterxml\classmate\1.5.1\classmate-1.5.1.jar;C:\Users\sulya\.m2\repository\org\dom4j\dom4j\2.1.3\dom4j-2.1.3.jar;C:\Users\sulya\.m2\repository\org\hibernate\common\hibernate-commons-annotations\5.1.2.Final\hibernate-commons-annotations-5.1.2.Final.jar;C:\Users\sulya\.m2\repository\org\glassfish\jaxb\jaxb-runtime\2.3.5\jaxb-runtime-2.3.5.jar;C:\Users\sulya\.m2\repository\org\glassfish\jaxb\txw2\2.3.5\txw2-2.3.5.jar;C:
Launcher Type: SUN_STANDARD

[Global flags]
     intx CICompilerCount                          = 3                                         {product} {ergonomic}
     uint ConcGCThreads                            = 1                                         {product} {ergonomic}
     uint G1ConcRefinementThreads                  = 4                                         {product} {ergonomic}
   size_t G1HeapRegionSize                         = 1048576                                   {product} {ergonomic}
    uintx GCDrainStackTargetSize                   = 64                                        {product} {ergonomic}
   size_t InitialHeapSize                          = 65011712                                  {product} {ergonomic}
   size_t MarkStackSize                            = 4194304                                   {product} {ergonomic}
   size_t MaxHeapSize                              = 1027604480                                {product} {ergonomic}
   size_t MaxNewSize                               = 616562688                                 {product} {ergonomic}
   size_t MinHeapDeltaBytes                        = 1048576                                   {product} {ergonomic}
    uintx NonNMethodCodeHeapSize                   = 5830732                                {pd product} {ergonomic}
    uintx NonProfiledCodeHeapSize                  = 122913754                              {pd product} {ergonomic}
    uintx ProfiledCodeHeapSize                     = 122913754                              {pd product} {ergonomic}
    uintx ReservedCodeCacheSize                    = 251658240                              {pd product} {ergonomic}
     bool SegmentedCodeCache                       = true                                      {product} {ergonomic}
     bool UseCompressedClassPointers               = true                                 {lp64_product} {ergonomic}
     bool UseCompressedOops                        = true                                 {lp64_product} {ergonomic}
     bool UseG1GC                                  = true                                      {product} {ergonomic}
     bool UseLargePagesIndividualAllocation        = false                                  {pd product} {ergonomic}

Logging:
Log output configuration:
 #0: stdout all=warning uptime,level,tags
 #1: stderr all=off uptime,level,tags

Environment Variables:
JAVA_HOME=C:\Program Files\Java\jdk-11.0.12
PATH=C:\Program Files\Java\jdk-11.0.12\bin;C:\Software\apache-maven-3.6.3\bin;C:\ProgramData\Oracle\Java\javapath;C:\Program Files\Common Files\Oracle\Java\javapath;C:\Program Files (x86)\Common Files\Oracle\Java\javapath;C:\windows\system32;C:\windows;C:\windows\System32\Wbem;C:\windows\System32\WindowsPowerShell\v1.0\;C:\windows\System32\OpenSSH\;C:\Program Files\Git\cmd;C:\Program Files\MySQL\MySQL Shell 8.0\bin\;C:\Users\sulya\AppData\Local\Microsoft\WindowsApps;C:\Users\sulya\AppData\Local\Programs\Microsoft VS Code\bin;C:\Users\sulya\AppData\Local\GitHubDesktop\bin;C:\ProgramData\sulya\GitHubDesktop\bin
USERNAME=sulya
OS=Windows_NT
PROCESSOR_IDENTIFIER=Intel64 Family 6 Model 142 Stepping 12, GenuineIntel



---------------  S Y S T E M  ---------------

OS: Windows 10 , 64 bit Build 19041 (10.0.19041.1202)

CPU:total 4 (initial active 4) (2 cores per cpu, 2 threads per core) family 6 model 142 stepping 12 microcode 0xd2, cmov, cx8, fxsr, mmx, sse, sse2, sse3, ssse3, sse4.1, sse4.2, popcnt, avx, avx2, aes, clmul, erms, 3dnowpref, lzcnt, ht, tsc, tscinvbit, bmi1, bmi2, adx, fma

Memory: 4k page, system-wide physical 3919M (184M free)
TotalPageFile size 15695M (AvailPageFile size 5M)
current process WorkingSet (physical memory assigned to process): 194M, peak: 209M
current process commit charge ("private bytes"): 283M, peak: 295M

vm_info: Java HotSpot(TM) 64-Bit Server VM (11.0.12+8-LTS-237) for windows-amd64 JRE (11.0.12+8-LTS-237), built on Jun  8 2021 11:25:59 by "mach5one" with MS VC++ 15.9 (VS2017)

END.
